
=== DOCKER COMPOSE UP STDERR ===
 Container ga_cf_planner  Created
 Container ga_cf_planner  Starting
 Container ga_cf_planner  Started

=== PLANNER STDOUT ===
[INFO] [launch]: All log files can be found below /root/.ros/log/2025-02-20-07-15-51-014982-52b00e8d6e9e-18
=== PLANNER STDOUT ===
[INFO] [launch]: Default logging verbosity is set to INFO
=== PLANNER STDOUT ===
[INFO] [oriented_pointmass-1]: process started with pid [125]
=== PLANNER STDERR ===
context canceled
=== DOCKER COMPOSE UP STDERR ===
 Container ga_cf_planner  Created
 Container ga_cf_planner  Starting
 Container ga_cf_planner  Started

=== PLANNER STDOUT ===
[INFO] [launch]: All log files can be found below /root/.ros/log/2025-02-20-07-16-43-247773-52b00e8d6e9e-18
=== PLANNER STDOUT ===
[INFO] [launch]: Default logging verbosity is set to INFO
=== PLANNER STDOUT ===
[INFO] [oriented_pointmass-1]: process started with pid [125]
=== PLANNER STDERR ===
context canceled
=== DOCKER COMPOSE UP STDERR ===
 Container ga_cf_planner  Created
 Container ga_cf_planner  Starting
 Container ga_cf_planner  Started

=== PLANNER STDOUT ===
[INFO] [launch]: All log files can be found below /root/.ros/log/2025-02-20-07-17-15-001480-52b00e8d6e9e-18
=== PLANNER STDOUT ===
[INFO] [launch]: Default logging verbosity is set to INFO
=== PLANNER STDOUT ===
[INFO] [oriented_pointmass-1]: process started with pid [125]
=== PLANNER STDERR ===
context canceled
=== DOCKER COMPOSE UP STDERR ===
 Container ga_cf_planner  Created
 Container ga_cf_planner  Starting
 Container ga_cf_planner  Started

=== PLANNER STDOUT ===
[INFO] [launch]: All log files can be found below /root/.ros/log/2025-02-20-07-18-10-249004-52b00e8d6e9e-19
=== PLANNER STDOUT ===
[INFO] [launch]: Default logging verbosity is set to INFO
=== PLANNER STDOUT ===
[INFO] [oriented_pointmass-1]: process started with pid [126]
=== PLANNER STDERR ===
context canceled
=== DOCKER COMPOSE UP STDERR ===
 Container ga_cf_planner  Created
 Container ga_cf_planner  Starting
 Container ga_cf_planner  Started

=== PLANNER STDOUT ===
[INFO] [launch]: All log files can be found below /root/.ros/log/2025-02-20-07-18-34-449507-52b00e8d6e9e-18
=== PLANNER STDOUT ===
[INFO] [launch]: Default logging verbosity is set to INFO
=== PLANNER STDOUT ===
[INFO] [oriented_pointmass-1]: process started with pid [125]
=== PLANNER STDERR ===
context canceled
=== DOCKER COMPOSE UP STDERR ===
 Container ga_cf_planner  Created
 Container ga_cf_planner  Starting
 Container ga_cf_planner  Started

=== PLANNER STDOUT ===
[INFO] [launch]: All log files can be found below /root/.ros/log/2025-02-20-07-19-06-723343-52b00e8d6e9e-18
=== PLANNER STDOUT ===
[INFO] [launch]: Default logging verbosity is set to INFO
=== PLANNER STDOUT ===
[INFO] [oriented_pointmass-1]: process started with pid [125]
=== PLANNER STDERR ===
context canceled
=== DOCKER PS STDOUT ===
52b00e8d6e9e8d4990a9d3086afae149457fc0922faceb539cb8afdb1866d6df

=== PLANNER STDOUT ===
[INFO] [launch]: All log files can be found below /root/.ros/log/2025-02-20-07-19-21-559437-52b00e8d6e9e-245
=== PLANNER STDOUT ===
[INFO] [launch]: Default logging verbosity is set to INFO
=== PLANNER STDOUT ===
[INFO] [oriented_pointmass-1]: process started with pid [303]
=== PLANNER STDERR ===
context canceled
=== DOCKER DOWN STDERR ===
 Container ga_cf_planner  Stopping
 Container ga_cf_planner  Stopped
 Container ga_cf_planner  Removing
 Container ga_cf_planner  Removed
 Network percept_default  Removing
 Network percept_default  Removed

=== DOCKER COMPOSE UP STDERR ===
 Network percept_default  Creating
 Network percept_default  Created
 Container ga_cf_planner  Creating
 Container ga_cf_planner  Created
 Container ga_cf_planner  Starting
 Container ga_cf_planner  Started

=== PLANNER STDOUT ===
[INFO] [launch]: All log files can be found below /root/.ros/log/2025-02-20-07-19-48-105437-368d85663dab-18
=== PLANNER STDOUT ===
[INFO] [launch]: Default logging verbosity is set to INFO
=== PLANNER STDOUT ===
[INFO] [oriented_pointmass-1]: process started with pid [125]
=== PLANNER STDOUT ===
[oriented_pointmass-1] [ERROR] [1740035993.258460815] [rclcpp]: Failed to call service
=== PLANNER STDERR ===
context canceled
=== DOCKER COMPOSE UP STDERR ===
 Container ga_cf_planner  Created
 Container ga_cf_planner  Starting
 Container ga_cf_planner  Started

=== PLANNER STDOUT ===
[INFO] [launch]: All log files can be found below /root/.ros/log/2025-02-20-07-20-27-685540-368d85663dab-18
=== PLANNER STDOUT ===
[INFO] [launch]: Default logging verbosity is set to INFO
=== PLANNER STDOUT ===
[INFO] [oriented_pointmass-1]: process started with pid [125]
=== PLANNER STDOUT ===
[oriented_pointmass-1] [ERROR] [1740036032.791852508] [rclcpp]: Failed to call service
=== PLANNER STDERR ===
context canceled
=== DOCKER COMPOSE UP STDERR ===
 Container ga_cf_planner  Created
 Container ga_cf_planner  Starting
 Container ga_cf_planner  Started

=== PLANNER STDOUT ===
[INFO] [launch]: All log files can be found below /root/.ros/log/2025-02-20-07-20-59-789124-368d85663dab-17
=== PLANNER STDOUT ===
[INFO] [launch]: Default logging verbosity is set to INFO
=== PLANNER STDOUT ===
[INFO] [oriented_pointmass-1]: process started with pid [124]
=== PLANNER STDOUT ===
[oriented_pointmass-1] [ERROR] [1740036064.909242444] [rclcpp]: Failed to call service
=== PLANNER STDERR ===
context canceled
=== DOCKER COMPOSE UP STDERR ===
 Container ga_cf_planner  Created
 Container ga_cf_planner  Starting
 Container ga_cf_planner  Started

=== PLANNER STDOUT ===
[INFO] [launch]: All log files can be found below /root/.ros/log/2025-02-20-07-22-27-647554-368d85663dab-18
=== PLANNER STDOUT ===
[INFO] [launch]: Default logging verbosity is set to INFO
=== PLANNER STDOUT ===
[INFO] [oriented_pointmass-1]: process started with pid [125]
=== PLANNER STDOUT ===
[oriented_pointmass-1] [ERROR] [1740036152.767853702] [rclcpp]: Failed to call service
=== PLANNER STDERR ===
context canceled
=== DOCKER COMPOSE UP STDERR ===
 Container ga_cf_planner  Created
 Container ga_cf_planner  Starting
 Container ga_cf_planner  Started

=== PLANNER STDOUT ===
[INFO] [launch]: All log files can be found below /root/.ros/log/2025-02-20-07-23-24-117284-368d85663dab-18
=== PLANNER STDOUT ===
[INFO] [launch]: Default logging verbosity is set to INFO
=== PLANNER STDOUT ===
[INFO] [oriented_pointmass-1]: process started with pid [125]
=== PLANNER STDOUT ===
[oriented_pointmass-1] [ERROR] [1740036209.233289220] [rclcpp]: Failed to call service
=== PLANNER STDERR ===
context canceled
=== DOCKER COMPOSE UP STDERR ===
 Container ga_cf_planner  Created
 Container ga_cf_planner  Starting
 Container ga_cf_planner  Started

=== PLANNER STDOUT ===
[INFO] [launch]: All log files can be found below /root/.ros/log/2025-02-20-18-35-12-258193-368d85663dab-18
=== PLANNER STDOUT ===
[INFO] [launch]: Default logging verbosity is set to INFO
=== PLANNER STDOUT ===
[INFO] [oriented_pointmass-1]: process started with pid [125]
=== PLANNER STDOUT ===
[oriented_pointmass-1] [ERROR] [1740076517.363313688] [rclcpp]: Failed to call service
=== PLANNER STDERR ===
context canceled
=== DOCKER COMPOSE UP STDERR ===
 Container ga_cf_planner  Created
 Container ga_cf_planner  Starting
 Container ga_cf_planner  Started

=== PLANNER STDOUT ===
[INFO] [launch]: All log files can be found below /root/.ros/log/2025-02-20-22-06-04-695077-368d85663dab-18
=== PLANNER STDOUT ===
[INFO] [launch]: Default logging verbosity is set to INFO
=== PLANNER STDOUT ===
[INFO] [oriented_pointmass-1]: process started with pid [125]
=== PLANNER STDERR ===
context canceled
=== DOCKER PS STDOUT ===
368d85663dab875cafef43bc15c2fd904bdace38dd145ac9382651b2620b290e

=== DOCKER PS STDOUT ===
368d85663dab875cafef43bc15c2fd904bdace38dd145ac9382651b2620b290e

=== PLANNER STDOUT ===
[INFO] [launch]: All log files can be found below /root/.ros/log/2025-02-20-22-14-43-938750-368d85663dab-3999
=== PLANNER STDOUT ===
[INFO] [launch]: Default logging verbosity is set to INFO
=== PLANNER STDOUT ===
[INFO] [oriented_pointmass-1]: process started with pid [4057]
=== PLANNER STDERR ===
context canceled
=== DOCKER PS STDOUT ===
368d85663dab875cafef43bc15c2fd904bdace38dd145ac9382651b2620b290e

=== PLANNER STDOUT ===
[INFO] [launch]: All log files can be found below /root/.ros/log/2025-02-20-22-15-04-311379-368d85663dab-4687
=== PLANNER STDOUT ===
[INFO] [launch]: Default logging verbosity is set to INFO
=== PLANNER STDOUT ===
[INFO] [oriented_pointmass-1]: process started with pid [4745]
=== PLANNER STDOUT ===
[oriented_pointmass-1] [ERROR] [1740089709.462214646] [rclcpp]: Failed to call service
=== PLANNER STDERR ===
context canceled
=== DOCKER PS STDOUT ===
368d85663dab875cafef43bc15c2fd904bdace38dd145ac9382651b2620b290e

=== PLANNER STDOUT ===
[INFO] [launch]: All log files can be found below /root/.ros/log/2025-02-20-22-15-50-991520-368d85663dab-5477
=== PLANNER STDOUT ===
[INFO] [launch]: Default logging verbosity is set to INFO
=== PLANNER STDOUT ===
[INFO] [oriented_pointmass-1]: process started with pid [5539]
=== PLANNER STDERR ===
context canceled
=== DOCKER COMPOSE UP STDERR ===
 Container ga_cf_planner  Created
 Container ga_cf_planner  Starting
 Container ga_cf_planner  Started

=== PLANNER STDOUT ===
[INFO] [launch]: All log files can be found below /root/.ros/log/2025-02-20-22-16-09-841882-368d85663dab-18
=== PLANNER STDOUT ===
[INFO] [launch]: Default logging verbosity is set to INFO
=== PLANNER STDOUT ===
[INFO] [oriented_pointmass-1]: process started with pid [125]
=== PLANNER STDERR ===
context canceled
=== DOCKER COMPOSE UP STDERR ===
 Container ga_cf_planner  Created
 Container ga_cf_planner  Starting
 Container ga_cf_planner  Started

=== PLANNER STDOUT ===
[INFO] [launch]: All log files can be found below /root/.ros/log/2025-02-20-22-27-03-609955-368d85663dab-18
=== PLANNER STDOUT ===
[INFO] [launch]: Default logging verbosity is set to INFO
=== PLANNER STDOUT ===
[INFO] [oriented_pointmass-1]: process started with pid [125]
=== PLANNER STDERR ===
context canceled
=== DOCKER COMPOSE UP STDERR ===
 Container ga_cf_planner  Created
 Container ga_cf_planner  Starting
 Container ga_cf_planner  Started

=== PLANNER STDOUT ===
[INFO] [launch]: All log files can be found below /root/.ros/log/2025-02-20-22-28-24-734739-368d85663dab-18
=== PLANNER STDOUT ===
[INFO] [launch]: Default logging verbosity is set to INFO
=== PLANNER STDOUT ===
[INFO] [oriented_pointmass-1]: process started with pid [125]
=== PLANNER STDERR ===
context canceled
=== DOCKER COMPOSE UP STDERR ===
 Container ga_cf_planner  Created
 Container ga_cf_planner  Starting
 Container ga_cf_planner  Started

=== PLANNER STDOUT ===
[INFO] [launch]: All log files can be found below /root/.ros/log/2025-02-20-22-28-59-476931-368d85663dab-17
=== PLANNER STDOUT ===
[INFO] [launch]: Default logging verbosity is set to INFO
=== PLANNER STDOUT ===
[INFO] [oriented_pointmass-1]: process started with pid [124]
=== PLANNER STDERR ===
context canceled
=== DOCKER COMPOSE UP STDERR ===
 Container ga_cf_planner  Created
 Container ga_cf_planner  Starting
 Container ga_cf_planner  Started

=== PLANNER STDOUT ===
[INFO] [launch]: All log files can be found below /root/.ros/log/2025-02-20-22-30-03-757770-368d85663dab-18
=== PLANNER STDOUT ===
[INFO] [launch]: Default logging verbosity is set to INFO
=== PLANNER STDOUT ===
[INFO] [oriented_pointmass-1]: process started with pid [125]
=== PLANNER STDERR ===
context canceled
=== DOCKER COMPOSE UP STDERR ===
 Container ga_cf_planner  Created
 Container ga_cf_planner  Starting
 Container ga_cf_planner  Started

=== PLANNER STDOUT ===
[INFO] [launch]: All log files can be found below /root/.ros/log/2025-02-20-22-30-32-675128-368d85663dab-18
=== PLANNER STDOUT ===
[INFO] [launch]: Default logging verbosity is set to INFO
=== PLANNER STDOUT ===
[INFO] [oriented_pointmass-1]: process started with pid [125]
=== PLANNER STDERR ===
context canceled
=== DOCKER COMPOSE UP STDERR ===
 Container ga_cf_planner  Created
 Container ga_cf_planner  Starting
 Container ga_cf_planner  Started

=== PLANNER STDOUT ===
[INFO] [launch]: All log files can be found below /root/.ros/log/2025-02-20-22-31-13-711098-368d85663dab-18
=== PLANNER STDOUT ===
[INFO] [launch]: Default logging verbosity is set to INFO
=== PLANNER STDOUT ===
[INFO] [oriented_pointmass-1]: process started with pid [125]
=== PLANNER STDERR ===
context canceled
=== DOCKER COMPOSE UP STDERR ===
 Container ga_cf_planner  Created
 Container ga_cf_planner  Starting
 Container ga_cf_planner  Started

=== PLANNER STDOUT ===
[INFO] [launch]: All log files can be found below /root/.ros/log/2025-02-21-00-40-13-798437-368d85663dab-18
=== PLANNER STDOUT ===
[INFO] [launch]: Default logging verbosity is set to INFO
=== PLANNER STDOUT ===
[INFO] [oriented_pointmass-1]: process started with pid [125]
=== PLANNER STDERR ===
context canceled
=== DOCKER COMPOSE UP STDERR ===
 Container ga_cf_planner  Created
 Container ga_cf_planner  Starting
 Container ga_cf_planner  Started

=== PLANNER STDOUT ===
[INFO] [launch]: All log files can be found below /root/.ros/log/2025-02-21-00-41-40-153645-368d85663dab-38
=== PLANNER STDOUT ===
[INFO] [launch]: Default logging verbosity is set to INFO
=== PLANNER STDOUT ===
[INFO] [oriented_pointmass-1]: process started with pid [125]
=== PLANNER STDERR ===
context canceled
=== DOCKER COMPOSE UP STDERR ===
 Container ga_cf_planner  Created
 Container ga_cf_planner  Starting
 Container ga_cf_planner  Started

=== PLANNER STDOUT ===
[INFO] [launch]: All log files can be found below /root/.ros/log/2025-02-21-00-42-42-376201-368d85663dab-65
=== PLANNER STDOUT ===
[INFO] [launch]: Default logging verbosity is set to INFO
=== PLANNER STDOUT ===
[INFO] [oriented_pointmass-1]: process started with pid [125]
=== PLANNER STDERR ===
context canceled
=== DOCKER COMPOSE UP STDERR ===
 Container ga_cf_planner  Created
 Container ga_cf_planner  Starting
 Container ga_cf_planner  Started

=== PLANNER STDOUT ===
[INFO] [launch]: All log files can be found below /root/.ros/log/2025-02-21-00-43-44-623548-368d85663dab-65
=== PLANNER STDOUT ===
[INFO] [launch]: Default logging verbosity is set to INFO
=== PLANNER STDOUT ===
[INFO] [oriented_pointmass-1]: process started with pid [125]
=== PLANNER STDOUT ===
[oriented_pointmass-1] [ERROR] [1740098629.747779734] [rclcpp]: Failed to call service
=== PLANNER STDERR ===
context canceled
=== DOCKER COMPOSE UP STDERR ===
 Container ga_cf_planner  Created
 Container ga_cf_planner  Starting
 Container ga_cf_planner  Started

=== PLANNER STDOUT ===
[INFO] [launch]: All log files can be found below /root/.ros/log/2025-02-21-00-45-38-165129-368d85663dab-18
=== PLANNER STDOUT ===
[INFO] [launch]: Default logging verbosity is set to INFO
=== PLANNER STDOUT ===
[INFO] [oriented_pointmass-1]: process started with pid [125]
=== PLANNER STDERR ===
context canceled
=== DOCKER COMPOSE UP STDERR ===
 Container ga_cf_planner  Created
 Container ga_cf_planner  Starting
 Container ga_cf_planner  Started

=== PLANNER STDOUT ===
[INFO] [launch]: All log files can be found below /root/.ros/log/2025-02-21-00-46-07-152763-368d85663dab-65
=== PLANNER STDOUT ===
[INFO] [launch]: Default logging verbosity is set to INFO
=== PLANNER STDOUT ===
[INFO] [oriented_pointmass-1]: process started with pid [125]
=== PLANNER STDERR ===
context canceled
=== DOCKER COMPOSE UP STDERR ===
 Container ga_cf_planner  Created
 Container ga_cf_planner  Starting
 Container ga_cf_planner  Started

=== PLANNER STDOUT ===
[INFO] [launch]: All log files can be found below /root/.ros/log/2025-02-21-00-48-59-962159-368d85663dab-65
=== PLANNER STDOUT ===
[INFO] [launch]: Default logging verbosity is set to INFO
=== PLANNER STDOUT ===
[INFO] [oriented_pointmass-1]: process started with pid [124]
=== PLANNER STDERR ===
context canceled
=== DOCKER COMPOSE UP STDERR ===
 Container ga_cf_planner  Created
 Container ga_cf_planner  Starting
 Container ga_cf_planner  Started

=== PLANNER STDOUT ===
[INFO] [launch]: All log files can be found below /root/.ros/log/2025-02-21-00-49-50-501519-368d85663dab-65
=== PLANNER STDOUT ===
[INFO] [launch]: Default logging verbosity is set to INFO
=== PLANNER STDOUT ===
[INFO] [oriented_pointmass-1]: process started with pid [125]
=== PLANNER STDERR ===
context canceled
=== DOCKER COMPOSE UP STDERR ===
 Container ga_cf_planner  Created
 Container ga_cf_planner  Starting
 Container ga_cf_planner  Started

=== PLANNER STDOUT ===
[INFO] [launch]: All log files can be found below /root/.ros/log/2025-02-21-00-50-13-922366-368d85663dab-65
=== PLANNER STDOUT ===
[INFO] [launch]: Default logging verbosity is set to INFO
=== PLANNER STDOUT ===
[INFO] [oriented_pointmass-1]: process started with pid [125]
=== PLANNER STDERR ===
context canceled
=== DOCKER COMPOSE UP STDERR ===
 Container ga_cf_planner  Created
 Container ga_cf_planner  Starting
 Container ga_cf_planner  Started

=== PLANNER STDOUT ===
[INFO] [launch]: All log files can be found below /root/.ros/log/2025-02-21-00-50-52-018198-368d85663dab-65
=== PLANNER STDOUT ===
[INFO] [launch]: Default logging verbosity is set to INFO
=== PLANNER STDOUT ===
[INFO] [oriented_pointmass-1]: process started with pid [125]
=== PLANNER STDERR ===
context canceled
=== DOCKER COMPOSE UP STDERR ===
 Container ga_cf_planner  Created
 Container ga_cf_planner  Starting
 Container ga_cf_planner  Started

=== PLANNER STDOUT ===
[INFO] [launch]: All log files can be found below /root/.ros/log/2025-02-21-00-55-24-310060-368d85663dab-65
=== PLANNER STDOUT ===
[INFO] [launch]: Default logging verbosity is set to INFO
=== PLANNER STDOUT ===
[INFO] [oriented_pointmass-1]: process started with pid [125]
=== PLANNER STDERR ===
context canceled